\BOOKMARK [0][-]{chapter*.5}{Mission}{}% 1
\BOOKMARK [0][-]{chapter*.6}{Document Preparation and Updates}{}% 2
\BOOKMARK [0][-]{chapter.1}{Overview and concept of operations}{}% 3
\BOOKMARK [1][-]{section.1.1}{Scope}{chapter.1}% 4
\BOOKMARK [1][-]{section.1.2}{Purpose}{chapter.1}% 5
\BOOKMARK [2][-]{subsection.1.2.1}{Traversing Subdirectories}{section.1.2}% 6
\BOOKMARK [2][-]{subsection.1.2.2}{Running the Program Using Test Cases}{section.1.2}% 7
\BOOKMARK [2][-]{subsection.1.2.3}{Test Case Generation}{section.1.2}% 8
\BOOKMARK [1][-]{section.1.3}{Systems Goals}{chapter.1}% 9
\BOOKMARK [1][-]{section.1.4}{System Overview and Diagram}{chapter.1}% 10
\BOOKMARK [0][-]{chapter.2}{Project Overview}{}% 11
\BOOKMARK [1][-]{section.2.1}{Team Members and Roles}{chapter.2}% 12
\BOOKMARK [2][-]{subsection.2.1.1}{Sprint 1 with Latex Samurai}{section.2.1}% 13
\BOOKMARK [2][-]{subsection.2.1.2}{Sprint 2 with Kernel\137Panic}{section.2.1}% 14
\BOOKMARK [1][-]{section.2.2}{Project Management Approach}{chapter.2}% 15
\BOOKMARK [1][-]{section.2.3}{Phase Overview}{chapter.2}% 16
\BOOKMARK [0][-]{chapter.3}{User Stories, Backlog and Requirements}{}% 17
\BOOKMARK [1][-]{section.3.1}{Overview}{chapter.3}% 18
\BOOKMARK [2][-]{subsection.3.1.1}{Scope}{section.3.1}% 19
\BOOKMARK [2][-]{subsection.3.1.2}{Purpose of the System}{section.3.1}% 20
\BOOKMARK [1][-]{section.3.2}{ Stakeholder Information}{chapter.3}% 21
\BOOKMARK [2][-]{subsection.3.2.1}{Customer or End User \(Product Owner\)}{section.3.2}% 22
\BOOKMARK [2][-]{subsection.3.2.2}{Management or Instructor \(Scrum Master\)}{section.3.2}% 23
\BOOKMARK [2][-]{subsection.3.2.3}{Developers \205Testers}{section.3.2}% 24
\BOOKMARK [1][-]{section.3.3}{Business Need}{chapter.3}% 25
\BOOKMARK [1][-]{section.3.4}{Requirements and Design Constraints}{chapter.3}% 26
\BOOKMARK [2][-]{subsection.3.4.1}{System Requirements}{section.3.4}% 27
\BOOKMARK [2][-]{subsection.3.4.2}{Network Requirements}{section.3.4}% 28
\BOOKMARK [2][-]{subsection.3.4.3}{Development Environment Requirements}{section.3.4}% 29
\BOOKMARK [2][-]{subsection.3.4.4}{Project Management Methodology}{section.3.4}% 30
\BOOKMARK [1][-]{section.3.5}{User Stories}{chapter.3}% 31
\BOOKMARK [2][-]{subsection.3.5.1}{User Story \0431}{section.3.5}% 32
\BOOKMARK [2][-]{subsection.3.5.2}{User Story \0432}{section.3.5}% 33
\BOOKMARK [2][-]{subsection.3.5.3}{User Story \0433}{section.3.5}% 34
\BOOKMARK [2][-]{subsection.3.5.4}{User Story \0434}{section.3.5}% 35
\BOOKMARK [2][-]{subsection.3.5.5}{User Story \0435}{section.3.5}% 36
\BOOKMARK [2][-]{subsection.3.5.6}{User Story \0436}{section.3.5}% 37
\BOOKMARK [0][-]{chapter.4}{Design and Implementation}{}% 38
\BOOKMARK [1][-]{section.4.1}{Traversing Subdirectories }{chapter.4}% 39
\BOOKMARK [2][-]{subsection.4.1.1}{Technologies Used}{section.4.1}% 40
\BOOKMARK [2][-]{subsection.4.1.2}{Design Details}{section.4.1}% 41
\BOOKMARK [1][-]{section.4.2}{Running the Program Using Test Cases }{chapter.4}% 42
\BOOKMARK [2][-]{subsection.4.2.1}{Technologies Used}{section.4.2}% 43
\BOOKMARK [2][-]{subsection.4.2.2}{Design Details}{section.4.2}% 44
\BOOKMARK [0][-]{chapter.5}{System and Unit Testing}{}% 45
\BOOKMARK [1][-]{section.5.1}{Overview}{chapter.5}% 46
\BOOKMARK [1][-]{section.5.2}{Dependencies}{chapter.5}% 47
\BOOKMARK [1][-]{section.5.3}{Test Setup and Execution}{chapter.5}% 48
\BOOKMARK [2][-]{subsection.5.3.1}{Student Grading}{section.5.3}% 49
\BOOKMARK [0][-]{chapter.6}{Development Environment}{}% 50
\BOOKMARK [1][-]{section.6.1}{Development IDE and Tools}{chapter.6}% 51
\BOOKMARK [1][-]{section.6.2}{Source Control}{chapter.6}% 52
\BOOKMARK [1][-]{section.6.3}{Dependencies}{chapter.6}% 53
\BOOKMARK [1][-]{section.6.4}{Build Environment}{chapter.6}% 54
\BOOKMARK [0][-]{chapter.7}{Release \205 Setup \205 Deployment}{}% 55
\BOOKMARK [1][-]{section.7.1}{Deployment Information and Dependencies}{chapter.7}% 56
\BOOKMARK [1][-]{section.7.2}{Setup Information}{chapter.7}% 57
\BOOKMARK [1][-]{section.7.3}{System Versioning Information}{chapter.7}% 58
\BOOKMARK [0][-]{chapter.8}{User Documentation}{}% 59
\BOOKMARK [1][-]{section.8.1}{User Guide}{chapter.8}% 60
\BOOKMARK [2][-]{subsection.8.1.1}{Test Case Generation}{section.8.1}% 61
\BOOKMARK [0][-]{chapter.9}{Class Index}{}% 62
\BOOKMARK [0][-]{chapter.10}{Class Documentation}{}% 63
\BOOKMARK [0][-]{chapter*.7}{Acknowledgement}{}% 64
\BOOKMARK [0][-]{chapter*.8}{Supporting Materials}{}% 65
\BOOKMARK [0][-]{chapter*.9}{Sprint Reports}{}% 66
\BOOKMARK [1][-]{section.10.1}{Sprint Report \0431}{chapter*.9}% 67
\BOOKMARK [1][-]{section.10.2}{Sprint Report \0432}{chapter*.9}% 68
\BOOKMARK [1][-]{section.10.3}{Sprint Report \0433}{chapter*.9}% 69
\BOOKMARK [0][-]{chapter*.10}{Industrial Experience}{}% 70
\BOOKMARK [0][-]{chapter*.11}{Appendix}{}% 71
\BOOKMARK [1][-]{section.10.1}{Introduction}{chapter*.11}% 72
\BOOKMARK [1][-]{section.10.2}{Build process}{chapter*.11}% 73
